# JRE version: OpenJDK Runtime Environment (11.0.13) (build 11.0.13+0-b1751.21-8125866)
# Java VM: OpenJDK 64-Bit Server VM (11.0.13+0-b1751.21-8125866, mixed mode, tiered, compressed oops, g1 gc, windows-amd64)
Heap:
 garbage-first heap   total 421888K, used 225996K [0x0000000080000000, 0x0000000100000000)
  region size 1024K, 3 young (3072K), 3 survivors (3072K)
 Metaspace       used 144685K, capacity 148489K, committed 148736K, reserved 1179648K
  class space    used 17659K, capacity 19080K, committed 19200K, reserved 1048576K
GC Heap History (20 events):
Event: 205.651 GC heap after
{Heap after GC invocations=99 (full 0):
 garbage-first heap   total 270336K, used 186228K [0x0000000080000000, 0x0000000100000000)
  region size 1024K, 5 young (5120K), 5 survivors (5120K)
 Metaspace       used 132954K, capacity 136310K, committed 136448K, reserved 1169408K
  class space    used 16133K, capacity 17320K, committed 17408K, reserved 1048576K
}
Event: 206.299 GC heap before
{Heap before GC invocations=99 (full 0):
 garbage-first heap   total 270336K, used 227188K [0x0000000080000000, 0x0000000100000000)
  region size 1024K, 46 young (47104K), 5 survivors (5120K)
 Metaspace       used 136051K, capacity 139530K, committed 139776K, reserved 1171456K
  class space    used 16548K, capacity 17803K, committed 17920K, reserved 1048576K
}
Event: 206.311 GC heap after
{Heap after GC invocations=100 (full 0):
 garbage-first heap   total 270336K, used 191995K [0x0000000080000000, 0x0000000100000000)
  region size 1024K, 6 young (6144K), 6 survivors (6144K)
 Metaspace       used 136051K, capacity 139530K, committed 139776K, reserved 1171456K
  class space    used 16548K, capacity 17803K, committed 17920K, reserved 1048576K
}
Event: 206.862 GC heap before
{Heap before GC invocations=100 (full 0):
 garbage-first heap   total 270336K, used 228859K [0x0000000080000000, 0x0000000100000000)
  region size 1024K, 42 young (43008K), 6 survivors (6144K)
 Metaspace       used 137290K, capacity 140854K, committed 140928K, reserved 1171456K
  class space    used 16708K, capacity 18005K, committed 18048K, reserved 1048576K
}
Event: 206.895 GC heap after
{Heap after GC invocations=101 (full 0):
 garbage-first heap   total 270336K, used 197548K [0x0000000080000000, 0x0000000100000000)
  region size 1024K, 6 young (6144K), 6 survivors (6144K)
 Metaspace       used 137290K, capacity 140854K, committed 140928K, reserved 1171456K
  class space    used 16708K, capacity 18005K, committed 18048K, reserved 1048576K
}
Event: 207.274 GC heap before
{Heap before GC invocations=101 (full 0):
 garbage-first heap   total 270336K, used 229292K [0x0000000080000000, 0x0000000100000000)
  region size 1024K, 37 young (37888K), 6 survivors (6144K)
 Metaspace       used 137996K, capacity 141499K, committed 141824K, reserved 1173504K
  class space    used 16789K, capacity 18070K, committed 18176K, reserved 1048576K
}
Event: 207.316 GC heap after
{Heap after GC invocations=102 (full 0):
 garbage-first heap   total 270336K, used 203776K [0x0000000080000000, 0x0000000100000000)
  region size 1024K, 5 young (5120K), 5 survivors (5120K)
 Metaspace       used 137996K, capacity 141499K, committed 141824K, reserved 1173504K
  class space    used 16789K, capacity 18070K, committed 18176K, reserved 1048576K
}
Event: 207.558 GC heap before
{Heap before GC invocations=102 (full 0):
 garbage-first heap   total 270336K, used 229376K [0x0000000080000000, 0x0000000100000000)
  region size 1024K, 31 young (31744K), 5 survivors (5120K)
 Metaspace       used 139058K, capacity 142650K, committed 142720K, reserved 1173504K
  class space    used 16931K, capacity 18270K, committed 18304K, reserved 1048576K
}
Event: 207.592 GC heap after
{Heap after GC invocations=103 (full 0):
 garbage-first heap   total 270336K, used 208484K [0x0000000080000000, 0x0000000100000000)
  region size 1024K, 4 young (4096K), 4 survivors (4096K)
 Metaspace       used 139058K, capacity 142650K, committed 142720K, reserved 1173504K
  class space    used 16931K, capacity 18270K, committed 18304K, reserved 1048576K
}
Event: 207.758 GC heap before
{Heap before GC invocations=103 (full 0):
 garbage-first heap   total 270336K, used 232036K [0x0000000080000000, 0x0000000100000000)
  region size 1024K, 27 young (27648K), 4 survivors (4096K)
 Metaspace       used 139226K, capacity 142821K, committed 142976K, reserved 1173504K
  class space    used 16948K, capacity 18281K, committed 18304K, reserved 1048576K
}
Event: 207.783 GC heap after
{Heap after GC invocations=104 (full 0):
 garbage-first heap   total 270336K, used 213261K [0x0000000080000000, 0x0000000100000000)
  region size 1024K, 4 young (4096K), 4 survivors (4096K)
 Metaspace       used 139226K, capacity 142821K, committed 142976K, reserved 1173504K
  class space    used 16948K, capacity 18281K, committed 18304K, reserved 1048576K
}
Event: 207.897 GC heap before
{Heap before GC invocations=104 (full 0):
 garbage-first heap   total 270336K, used 232717K [0x0000000080000000, 0x0000000100000000)
  region size 1024K, 23 young (23552K), 4 survivors (4096K)
 Metaspace       used 139304K, capacity 142909K, committed 142976K, reserved 1173504K
  class space    used 16962K, capacity 18289K, committed 18304K, reserved 1048576K
}
Event: 207.924 GC heap after
{Heap after GC invocations=105 (full 0):
 garbage-first heap   total 342016K, used 216720K [0x0000000080000000, 0x0000000100000000)
  region size 1024K, 3 young (3072K), 3 survivors (3072K)
 Metaspace       used 139304K, capacity 142909K, committed 142976K, reserved 1173504K
  class space    used 16962K, capacity 18289K, committed 18304K, reserved 1048576K
}
Event: 208.372 GC heap before
{Heap before GC invocations=105 (full 0):
 garbage-first heap   total 342016K, used 257680K [0x0000000080000000, 0x0000000100000000)
  region size 1024K, 43 young (44032K), 3 survivors (3072K)
 Metaspace       used 141267K, capacity 144933K, committed 145152K, reserved 1175552K
  class space    used 17293K, capacity 18668K, committed 18688K, reserved 1048576K
}
Event: 208.403 GC heap after
{Heap after GC invocations=106 (full 0):
 garbage-first heap   total 342016K, used 222633K [0x0000000080000000, 0x0000000100000000)
  region size 1024K, 6 young (6144K), 6 survivors (6144K)
 Metaspace       used 141267K, capacity 144933K, committed 145152K, reserved 1175552K
  class space    used 17293K, capacity 18668K, committed 18688K, reserved 1048576K
}
Event: 209.445 GC heap before
{Heap before GC invocations=106 (full 0):
 garbage-first heap   total 342016K, used 263593K [0x0000000080000000, 0x0000000100000000)
  region size 1024K, 46 young (47104K), 6 survivors (6144K)
 Metaspace       used 143418K, capacity 147179K, committed 147328K, reserved 1177600K
  class space    used 17569K, capacity 18975K, committed 19072K, reserved 1048576K
}
Event: 209.470 GC heap after
{Heap after GC invocations=107 (full 0):
 garbage-first heap   total 342016K, used 225516K [0x0000000080000000, 0x0000000100000000)
  region size 1024K, 3 young (3072K), 3 survivors (3072K)
 Metaspace       used 143418K, capacity 147179K, committed 147328K, reserved 1177600K
  class space    used 17569K, capacity 18975K, committed 19072K, reserved 1048576K
}
Event: 210.681 GC heap before
{Heap before GC invocations=107 (full 0):
 garbage-first heap   total 342016K, used 268524K [0x0000000080000000, 0x0000000100000000)
  region size 1024K, 45 young (46080K), 3 survivors (3072K)
 Metaspace       used 144431K, capacity 148211K, committed 148480K, reserved 1179648K
  class space    used 17658K, capacity 19077K, committed 19200K, reserved 1048576K
}
Event: 210.696 GC heap after
{Heap after GC invocations=108 (full 0):
 garbage-first heap   total 342016K, used 225733K [0x0000000080000000, 0x0000000100000000)
  region size 1024K, 3 young (3072K), 3 survivors (3072K)
 Metaspace       used 144431K, capacity 148211K, committed 148480K, reserved 1179648K
  class space    used 17658K, capacity 19077K, committed 19200K, reserved 1048576K
}
Event: 211.357 GC heap before
{Heap before GC invocations=108 (full 0):
 garbage-first heap   total 342016K, used 270789K [0x0000000080000000, 0x0000000100000000)
  region size 1024K, 47 young (48128K), 3 survivors (3072K)
 Metaspace       used 144685K, capacity 148489K, committed 148736K, reserved 1179648K
  class space    used 17659K, capacity 19080K, committed 19200K, reserved 1048576K
}

