# JRE version: OpenJDK Runtime Environment (11.0.13) (build 11.0.13+0-b1751.21-8125866)
# Java VM: OpenJDK 64-Bit Server VM (11.0.13+0-b1751.21-8125866, mixed mode, tiered, compressed oops, g1 gc, windows-amd64)
Heap:
 garbage-first heap   total 207872K, used 136837K [0x0000000080000000, 0x0000000100000000)
  region size 1024K, 80 young (81920K), 14 survivors (14336K)
 Metaspace       used 87240K, capacity 89341K, committed 89556K, reserved 1128448K
  class space    used 11177K, capacity 11971K, committed 12032K, reserved 1048576K
GC Heap History (20 events):
Event: 5.686 GC heap before
{Heap before GC invocations=6 (full 0):
 garbage-first heap   total 129024K, used 67869K [0x0000000080000000, 0x0000000100000000)
  region size 1024K, 51 young (52224K), 2 survivors (2048K)
 Metaspace       used 26091K, capacity 26681K, committed 26928K, reserved 1073152K
  class space    used 3377K, capacity 3589K, committed 3712K, reserved 1048576K
}
Event: 5.692 GC heap after
{Heap after GC invocations=7 (full 0):
 garbage-first heap   total 173056K, used 19380K [0x0000000080000000, 0x0000000100000000)
  region size 1024K, 3 young (3072K), 3 survivors (3072K)
 Metaspace       used 26091K, capacity 26681K, committed 26928K, reserved 1073152K
  class space    used 3377K, capacity 3589K, committed 3712K, reserved 1048576K
}
Event: 6.749 GC heap before
{Heap before GC invocations=7 (full 0):
 garbage-first heap   total 173056K, used 81844K [0x0000000080000000, 0x0000000100000000)
  region size 1024K, 65 young (66560K), 3 survivors (3072K)
 Metaspace       used 35017K, capacity 35763K, committed 35920K, reserved 1081344K
  class space    used 4483K, capacity 4788K, committed 4864K, reserved 1048576K
}
Event: 6.759 GC heap after
{Heap after GC invocations=8 (full 0):
 garbage-first heap   total 173056K, used 22861K [0x0000000080000000, 0x0000000100000000)
  region size 1024K, 7 young (7168K), 7 survivors (7168K)
 Metaspace       used 35017K, capacity 35763K, committed 35920K, reserved 1081344K
  class space    used 4483K, capacity 4788K, committed 4864K, reserved 1048576K
}
Event: 8.105 GC heap before
{Heap before GC invocations=9 (full 0):
 garbage-first heap   total 173056K, used 102733K [0x0000000080000000, 0x0000000100000000)
  region size 1024K, 83 young (84992K), 7 survivors (7168K)
 Metaspace       used 41294K, capacity 42263K, committed 42576K, reserved 1087488K
  class space    used 5220K, capacity 5560K, committed 5632K, reserved 1048576K
}
Event: 8.118 GC heap after
{Heap after GC invocations=10 (full 0):
 garbage-first heap   total 173056K, used 29143K [0x0000000080000000, 0x0000000100000000)
  region size 1024K, 11 young (11264K), 11 survivors (11264K)
 Metaspace       used 41294K, capacity 42263K, committed 42576K, reserved 1087488K
  class space    used 5220K, capacity 5560K, committed 5632K, reserved 1048576K
}
Event: 9.653 GC heap before
{Heap before GC invocations=10 (full 0):
 garbage-first heap   total 173056K, used 120279K [0x0000000080000000, 0x0000000100000000)
  region size 1024K, 99 young (101376K), 11 survivors (11264K)
 Metaspace       used 48169K, capacity 49364K, committed 49616K, reserved 1093632K
  class space    used 6084K, capacity 6514K, committed 6528K, reserved 1048576K
}
Event: 9.670 GC heap after
{Heap after GC invocations=11 (full 0):
 garbage-first heap   total 173056K, used 32153K [0x0000000080000000, 0x0000000100000000)
  region size 1024K, 9 young (9216K), 9 survivors (9216K)
 Metaspace       used 48169K, capacity 49364K, committed 49616K, reserved 1093632K
  class space    used 6084K, capacity 6514K, committed 6528K, reserved 1048576K
}
Event: 11.930 GC heap before
{Heap before GC invocations=11 (full 0):
 garbage-first heap   total 173056K, used 130457K [0x0000000080000000, 0x0000000100000000)
  region size 1024K, 100 young (102400K), 9 survivors (9216K)
 Metaspace       used 58186K, capacity 59602K, committed 59856K, reserved 1101824K
  class space    used 7253K, capacity 7800K, committed 7808K, reserved 1048576K
}
Event: 11.949 GC heap after
{Heap after GC invocations=12 (full 0):
 garbage-first heap   total 173056K, used 44816K [0x0000000080000000, 0x0000000100000000)
  region size 1024K, 12 young (12288K), 12 survivors (12288K)
 Metaspace       used 58186K, capacity 59602K, committed 59856K, reserved 1101824K
  class space    used 7253K, capacity 7800K, committed 7808K, reserved 1048576K
}
Event: 12.314 GC heap before
{Heap before GC invocations=12 (full 0):
 garbage-first heap   total 173056K, used 49936K [0x0000000080000000, 0x0000000100000000)
  region size 1024K, 18 young (18432K), 12 survivors (12288K)
 Metaspace       used 58821K, capacity 60182K, committed 60240K, reserved 1101824K
  class space    used 7355K, capacity 7887K, committed 7936K, reserved 1048576K
}
Event: 12.349 GC heap after
{Heap after GC invocations=13 (full 0):
 garbage-first heap   total 207872K, used 45964K [0x0000000080000000, 0x0000000100000000)
  region size 1024K, 2 young (2048K), 2 survivors (2048K)
 Metaspace       used 58821K, capacity 60182K, committed 60240K, reserved 1101824K
  class space    used 7355K, capacity 7887K, committed 7936K, reserved 1048576K
}
Event: 14.778 GC heap before
{Heap before GC invocations=14 (full 0):
 garbage-first heap   total 207872K, used 155532K [0x0000000080000000, 0x0000000100000000)
  region size 1024K, 101 young (103424K), 2 survivors (2048K)
 Metaspace       used 66308K, capacity 67766K, committed 68052K, reserved 1107968K
  class space    used 8320K, capacity 8882K, committed 8960K, reserved 1048576K
}
Event: 14.789 GC heap after
{Heap after GC invocations=15 (full 0):
 garbage-first heap   total 207872K, used 52933K [0x0000000080000000, 0x0000000100000000)
  region size 1024K, 9 young (9216K), 9 survivors (9216K)
 Metaspace       used 66308K, capacity 67766K, committed 68052K, reserved 1107968K
  class space    used 8320K, capacity 8882K, committed 8960K, reserved 1048576K
}
Event: 15.474 GC heap before
{Heap before GC invocations=15 (full 0):
 garbage-first heap   total 207872K, used 111301K [0x0000000080000000, 0x0000000100000000)
  region size 1024K, 66 young (67584K), 9 survivors (9216K)
 Metaspace       used 70656K, capacity 72229K, committed 72404K, reserved 1112064K
  class space    used 9015K, capacity 9623K, committed 9728K, reserved 1048576K
}
Event: 15.486 GC heap after
{Heap after GC invocations=16 (full 0):
 garbage-first heap   total 207872K, used 56414K [0x0000000080000000, 0x0000000100000000)
  region size 1024K, 4 young (4096K), 4 survivors (4096K)
 Metaspace       used 70656K, capacity 72229K, committed 72404K, reserved 1112064K
  class space    used 9015K, capacity 9623K, committed 9728K, reserved 1048576K
}
Event: 17.063 GC heap before
{Heap before GC invocations=16 (full 0):
 garbage-first heap   total 207872K, used 159838K [0x0000000080000000, 0x0000000100000000)
  region size 1024K, 105 young (107520K), 4 survivors (4096K)
 Metaspace       used 80590K, capacity 82290K, committed 82516K, reserved 1120256K
  class space    used 10383K, capacity 11038K, committed 11136K, reserved 1048576K
}
Event: 17.077 GC heap after
{Heap after GC invocations=17 (full 0):
 garbage-first heap   total 207872K, used 62917K [0x0000000080000000, 0x0000000100000000)
  region size 1024K, 10 young (10240K), 10 survivors (10240K)
 Metaspace       used 80590K, capacity 82290K, committed 82516K, reserved 1120256K
  class space    used 10383K, capacity 11038K, committed 11136K, reserved 1048576K
}
Event: 19.885 GC heap before
{Heap before GC invocations=17 (full 0):
 garbage-first heap   total 207872K, used 161221K [0x0000000080000000, 0x0000000100000000)
  region size 1024K, 107 young (109568K), 10 survivors (10240K)
 Metaspace       used 85255K, capacity 87382K, committed 87508K, reserved 1126400K
  class space    used 10939K, capacity 11738K, committed 11776K, reserved 1048576K
}
Event: 19.908 GC heap after
{Heap after GC invocations=18 (full 0):
 garbage-first heap   total 207872K, used 71301K [0x0000000080000000, 0x0000000100000000)
  region size 1024K, 14 young (14336K), 14 survivors (14336K)
 Metaspace       used 85255K, capacity 87382K, committed 87508K, reserved 1126400K
  class space    used 10939K, capacity 11738K, committed 11776K, reserved 1048576K
}

