# JRE version: OpenJDK Runtime Environment (11.0.13) (build 11.0.13+0-b1751.21-8125866)
# Java VM: OpenJDK 64-Bit Server VM (11.0.13+0-b1751.21-8125866, mixed mode, tiered, compressed oops, g1 gc, windows-amd64)
Heap:
 garbage-first heap   total 270336K, used 176237K [0x0000000080000000, 0x0000000100000000)
  region size 1024K, 49 young (50176K), 4 survivors (4096K)
 Metaspace       used 103389K, capacity 105867K, committed 106332K, reserved 1140736K
  class space    used 13147K, capacity 14102K, committed 14368K, reserved 1048576K
GC Heap History (20 events):
Event: 22.681 GC heap before
{Heap before GC invocations=22 (full 0):
 garbage-first heap   total 225280K, used 172381K [0x0000000080000000, 0x0000000100000000)
  region size 1024K, 89 young (91136K), 13 survivors (13312K)
 Metaspace       used 96712K, capacity 99024K, committed 99164K, reserved 1134592K
  class space    used 12377K, capacity 13273K, committed 13344K, reserved 1048576K
}
Event: 22.717 GC heap after
{Heap after GC invocations=23 (full 0):
 garbage-first heap   total 225280K, used 105337K [0x0000000080000000, 0x0000000100000000)
  region size 1024K, 12 young (12288K), 12 survivors (12288K)
 Metaspace       used 96712K, capacity 99024K, committed 99164K, reserved 1134592K
  class space    used 12377K, capacity 13273K, committed 13344K, reserved 1048576K
}
Event: 23.066 GC heap before
{Heap before GC invocations=23 (full 0):
 garbage-first heap   total 225280K, used 174969K [0x0000000080000000, 0x0000000100000000)
  region size 1024K, 81 young (82944K), 12 survivors (12288K)
 Metaspace       used 97656K, capacity 100081K, committed 100316K, reserved 1136640K
  class space    used 12501K, capacity 13441K, committed 13472K, reserved 1048576K
}
Event: 23.112 GC heap after
{Heap after GC invocations=24 (full 0):
 garbage-first heap   total 225280K, used 118784K [0x0000000080000000, 0x0000000100000000)
  region size 1024K, 11 young (11264K), 11 survivors (11264K)
 Metaspace       used 97656K, capacity 100081K, committed 100316K, reserved 1136640K
  class space    used 12501K, capacity 13441K, committed 13472K, reserved 1048576K
}
Event: 23.575 GC heap before
{Heap before GC invocations=24 (full 0):
 garbage-first heap   total 225280K, used 178176K [0x0000000080000000, 0x0000000100000000)
  region size 1024K, 69 young (70656K), 11 survivors (11264K)
 Metaspace       used 100575K, capacity 103218K, committed 103516K, reserved 1138688K
  class space    used 13017K, capacity 14027K, committed 14112K, reserved 1048576K
}
Event: 23.611 GC heap after
{Heap after GC invocations=25 (full 0):
 garbage-first heap   total 270336K, used 128000K [0x0000000080000000, 0x0000000100000000)
  region size 1024K, 9 young (9216K), 9 survivors (9216K)
 Metaspace       used 100575K, capacity 103218K, committed 103516K, reserved 1138688K
  class space    used 13017K, capacity 14027K, committed 14112K, reserved 1048576K
}
Event: 25.158 GC heap before
{Heap before GC invocations=26 (full 0):
 garbage-first heap   total 270336K, used 200704K [0x0000000080000000, 0x0000000100000000)
  region size 1024K, 80 young (81920K), 9 survivors (9216K)
 Metaspace       used 102825K, capacity 105388K, committed 105820K, reserved 1140736K
  class space    used 13171K, capacity 14165K, committed 14368K, reserved 1048576K
}
Event: 25.182 GC heap after
{Heap after GC invocations=27 (full 0):
 garbage-first heap   total 270336K, used 129483K [0x0000000080000000, 0x0000000100000000)
  region size 1024K, 2 young (2048K), 2 survivors (2048K)
 Metaspace       used 102825K, capacity 105388K, committed 105820K, reserved 1140736K
  class space    used 13171K, capacity 14165K, committed 14368K, reserved 1048576K
}
Event: 25.759 GC heap before
{Heap before GC invocations=27 (full 0):
 garbage-first heap   total 270336K, used 204235K [0x0000000080000000, 0x0000000100000000)
  region size 1024K, 75 young (76800K), 2 survivors (2048K)
 Metaspace       used 103228K, capacity 105806K, committed 106332K, reserved 1140736K
  class space    used 13180K, capacity 14170K, committed 14368K, reserved 1048576K
}
Event: 25.767 GC heap after
{Heap after GC invocations=28 (full 0):
 garbage-first heap   total 270336K, used 129024K [0x0000000080000000, 0x0000000100000000)
  region size 1024K, 1 young (1024K), 1 survivors (1024K)
 Metaspace       used 103228K, capacity 105806K, committed 106332K, reserved 1140736K
  class space    used 13180K, capacity 14170K, committed 14368K, reserved 1048576K
}
Event: 26.485 GC heap before
{Heap before GC invocations=29 (full 0):
 garbage-first heap   total 270336K, used 207872K [0x0000000080000000, 0x0000000100000000)
  region size 1024K, 78 young (79872K), 1 survivors (1024K)
 Metaspace       used 103173K, capacity 105672K, committed 106332K, reserved 1140736K
  class space    used 13132K, capacity 14083K, committed 14368K, reserved 1048576K
}
Event: 26.492 GC heap after
{Heap after GC invocations=30 (full 0):
 garbage-first heap   total 270336K, used 129280K [0x0000000080000000, 0x0000000100000000)
  region size 1024K, 2 young (2048K), 2 survivors (2048K)
 Metaspace       used 103173K, capacity 105672K, committed 106332K, reserved 1140736K
  class space    used 13132K, capacity 14083K, committed 14368K, reserved 1048576K
}
Event: 26.974 GC heap before
{Heap before GC invocations=30 (full 0):
 garbage-first heap   total 270336K, used 209152K [0x0000000080000000, 0x0000000100000000)
  region size 1024K, 81 young (82944K), 2 survivors (2048K)
 Metaspace       used 103239K, capacity 105681K, committed 106332K, reserved 1140736K
  class space    used 13133K, capacity 14085K, committed 14368K, reserved 1048576K
}
Event: 26.981 GC heap after
{Heap after GC invocations=31 (full 0):
 garbage-first heap   total 270336K, used 130290K [0x0000000080000000, 0x0000000100000000)
  region size 1024K, 3 young (3072K), 3 survivors (3072K)
 Metaspace       used 103239K, capacity 105681K, committed 106332K, reserved 1140736K
  class space    used 13133K, capacity 14085K, committed 14368K, reserved 1048576K
}
Event: 27.679 GC heap before
{Heap before GC invocations=32 (full 0):
 garbage-first heap   total 270336K, used 213234K [0x0000000080000000, 0x0000000100000000)
  region size 1024K, 84 young (86016K), 3 survivors (3072K)
 Metaspace       used 103288K, capacity 105756K, committed 106332K, reserved 1140736K
  class space    used 13137K, capacity 14088K, committed 14368K, reserved 1048576K
}
Event: 27.693 GC heap after
{Heap after GC invocations=33 (full 0):
 garbage-first heap   total 270336K, used 129891K [0x0000000080000000, 0x0000000100000000)
  region size 1024K, 2 young (2048K), 2 survivors (2048K)
 Metaspace       used 103288K, capacity 105756K, committed 106332K, reserved 1140736K
  class space    used 13137K, capacity 14088K, committed 14368K, reserved 1048576K
}
Event: 28.489 GC heap before
{Heap before GC invocations=33 (full 0):
 garbage-first heap   total 270336K, used 216931K [0x0000000080000000, 0x0000000100000000)
  region size 1024K, 87 young (89088K), 2 survivors (2048K)
 Metaspace       used 103331K, capacity 105764K, committed 106332K, reserved 1140736K
  class space    used 13140K, capacity 14089K, committed 14368K, reserved 1048576K
}
Event: 28.501 GC heap after
{Heap after GC invocations=34 (full 0):
 garbage-first heap   total 270336K, used 130491K [0x0000000080000000, 0x0000000100000000)
  region size 1024K, 3 young (3072K), 3 survivors (3072K)
 Metaspace       used 103331K, capacity 105764K, committed 106332K, reserved 1140736K
  class space    used 13140K, capacity 14089K, committed 14368K, reserved 1048576K
}
Event: 29.702 GC heap before
{Heap before GC invocations=35 (full 0):
 garbage-first heap   total 270336K, used 218555K [0x0000000080000000, 0x0000000100000000)
  region size 1024K, 89 young (91136K), 3 survivors (3072K)
 Metaspace       used 103363K, capacity 105851K, committed 106332K, reserved 1140736K
  class space    used 13144K, capacity 14097K, committed 14368K, reserved 1048576K
}
Event: 29.716 GC heap after
{Heap after GC invocations=36 (full 0):
 garbage-first heap   total 270336K, used 131181K [0x0000000080000000, 0x0000000100000000)
  region size 1024K, 4 young (4096K), 4 survivors (4096K)
 Metaspace       used 103363K, capacity 105851K, committed 106332K, reserved 1140736K
  class space    used 13144K, capacity 14097K, committed 14368K, reserved 1048576K
}

